###############################################################
#  Generated by:      Cadence Innovus 20.14-s095_1
#  OS:                Linux x86_64(Host ID lenovo-56.pilani.bits-pilani.ac.in)
#  Generated on:      Wed Mar 18 15:41:02 2026
#  Design:            asynchronous_fifo
#  Command:           verifyConnectivity -type all -report timingReports/connectivity.rpt
###############################################################
Verify Connectivity Report is created on Wed Mar 18 15:41:02 2026



Net VDD: has special routes with opens at (8.120, 158.445) (178.930, 159.680)
Net VDD: has special routes with opens at (8.120, 153.225) (178.930, 155.335)
Net VDD: has special routes with opens at (8.120, 147.920) (178.930, 150.115)
Net VDD: has special routes with opens at (8.120, 142.785) (178.930, 144.895)
Net VDD: has special routes with opens at (8.120, 137.565) (178.930, 139.870)
Net VDD: has special routes with opens at (8.120, 132.350) (178.930, 134.450)
Net VDD: has special routes with opens at (8.120, 127.130) (178.930, 129.235)
Net VDD: has special routes with opens at (8.120, 121.900) (178.930, 124.230)
Net VDD: has special routes with opens at (8.120, 116.470) (178.930, 118.800)
Net VDD: has special routes with opens at (8.120, 111.250) (178.930, 113.790)
Net VDD: has special routes with opens at (8.120, 106.030) (178.930, 108.570)
Net VDD: has special routes with opens at (8.120, 100.810) (178.930, 103.350)
Net VDD: has special routes with opens at (8.120, 95.720) (178.930, 98.130)
Net VDD: has special routes with opens at (8.120, 90.370) (178.930, 92.910)
Net VDD: has special routes with opens at (8.120, 85.150) (178.930, 87.690)
Net VDD: has special routes with opens at (8.120, 79.930) (178.930, 82.345)
Net VDD: has special routes with opens at (8.120, 74.710) (178.930, 77.120)
Net VDD: has special routes with opens at (8.120, 69.620) (178.930, 71.860)
Net VDD: has special routes with opens at (8.120, 64.285) (178.930, 66.795)
Net VDD: has special routes with opens at (8.120, 59.270) (178.930, 61.330)
Net VDD: has special routes with opens at (8.120, 53.845) (178.930, 56.110)
Net VDD: has special routes with opens at (8.120, 48.625) (178.930, 51.135)
Net VDD: has special routes with opens at (8.120, 43.390) (178.930, 45.915)
Net VDD: has special routes with opens at (8.120, 38.260) (178.930, 40.450)
Net VDD: has special routes with opens at (8.120, 33.075) (178.930, 35.270)
Net VDD: has special routes with opens at (8.120, 27.745) (178.930, 30.270)
Net VDD: has special routes with opens at (8.120, 22.730) (178.930, 25.035)
Net VDD: has special routes with opens at (8.120, 17.550) (178.930, 19.705)
Net VDD: has special routes with opens at (8.120, 12.555) (178.930, 14.485)
Net VDD: has special routes with opens at (8.120, 7.940) (178.930, 9.300)
Net VDD: has special routes with opens at (2.220, 2.220) (184.830, 165.400)
Net VDD: dangling Wire at (8.120, 159.500) (8.120, 159.500) on layer: Metal1
Net VDD: dangling Wire at (178.930, 159.500) (178.930, 159.500) on layer: Metal1
Net VDD: dangling Wire at (8.120, 154.280) (8.120, 154.280) on layer: Metal1
Net VDD: dangling Wire at (178.930, 154.280) (178.930, 154.280) on layer: Metal1
Net VDD: dangling Wire at (8.120, 149.060) (8.120, 149.060) on layer: Metal1
Net VDD: dangling Wire at (178.930, 149.060) (178.930, 149.060) on layer: Metal1
Net VDD: dangling Wire at (8.120, 143.840) (8.120, 143.840) on layer: Metal1
Net VDD: dangling Wire at (178.930, 143.840) (178.930, 143.840) on layer: Metal1
Net VDD: dangling Wire at (8.120, 138.620) (8.120, 138.620) on layer: Metal1
Net VDD: dangling Wire at (178.930, 138.620) (178.930, 138.620) on layer: Metal1
Net VDD: dangling Wire at (8.120, 133.400) (8.120, 133.400) on layer: Metal1
Net VDD: dangling Wire at (178.930, 133.400) (178.930, 133.400) on layer: Metal1
Net VDD: dangling Wire at (8.120, 128.180) (8.120, 128.180) on layer: Metal1
Net VDD: dangling Wire at (178.930, 128.180) (178.930, 128.180) on layer: Metal1
Net VDD: dangling Wire at (8.120, 122.960) (8.120, 122.960) on layer: Metal1
Net VDD: dangling Wire at (178.930, 122.960) (178.930, 122.960) on layer: Metal1
Net VDD: dangling Wire at (8.120, 117.740) (8.120, 117.740) on layer: Metal1
Net VDD: dangling Wire at (178.930, 117.740) (178.930, 117.740) on layer: Metal1
Net VDD: dangling Wire at (8.120, 112.520) (8.120, 112.520) on layer: Metal1
Net VDD: dangling Wire at (178.930, 112.520) (178.930, 112.520) on layer: Metal1
Net VDD: dangling Wire at (8.120, 107.300) (8.120, 107.300) on layer: Metal1
Net VDD: dangling Wire at (178.930, 107.300) (178.930, 107.300) on layer: Metal1
Net VDD: dangling Wire at (8.120, 102.080) (8.120, 102.080) on layer: Metal1
Net VDD: dangling Wire at (178.930, 102.080) (178.930, 102.080) on layer: Metal1
Net VDD: dangling Wire at (8.120, 96.860) (8.120, 96.860) on layer: Metal1
Net VDD: dangling Wire at (178.930, 96.860) (178.930, 96.860) on layer: Metal1
Net VDD: dangling Wire at (8.120, 91.640) (8.120, 91.640) on layer: Metal1
Net VDD: dangling Wire at (178.930, 91.640) (178.930, 91.640) on layer: Metal1
Net VDD: dangling Wire at (8.120, 86.420) (8.120, 86.420) on layer: Metal1
Net VDD: dangling Wire at (178.930, 86.420) (178.930, 86.420) on layer: Metal1
Net VDD: dangling Wire at (8.120, 81.200) (8.120, 81.200) on layer: Metal1
Net VDD: dangling Wire at (178.930, 81.200) (178.930, 81.200) on layer: Metal1
Net VDD: dangling Wire at (8.120, 75.980) (8.120, 75.980) on layer: Metal1
Net VDD: dangling Wire at (178.930, 75.980) (178.930, 75.980) on layer: Metal1
Net VDD: dangling Wire at (8.120, 70.760) (8.120, 70.760) on layer: Metal1
Net VDD: dangling Wire at (178.930, 70.760) (178.930, 70.760) on layer: Metal1
Net VDD: dangling Wire at (8.120, 65.540) (8.120, 65.540) on layer: Metal1
Net VDD: dangling Wire at (178.930, 65.540) (178.930, 65.540) on layer: Metal1
Net VDD: dangling Wire at (8.120, 60.320) (8.120, 60.320) on layer: Metal1
Net VDD: dangling Wire at (178.930, 60.320) (178.930, 60.320) on layer: Metal1
Net VDD: dangling Wire at (8.120, 55.100) (8.120, 55.100) on layer: Metal1
Net VDD: dangling Wire at (178.930, 55.100) (178.930, 55.100) on layer: Metal1
Net VDD: dangling Wire at (8.120, 49.880) (8.120, 49.880) on layer: Metal1
Net VDD: dangling Wire at (178.930, 49.880) (178.930, 49.880) on layer: Metal1
Net VDD: dangling Wire at (8.120, 44.660) (8.120, 44.660) on layer: Metal1
Net VDD: dangling Wire at (178.930, 44.660) (178.930, 44.660) on layer: Metal1
Net VDD: dangling Wire at (8.120, 39.440) (8.120, 39.440) on layer: Metal1
Net VDD: dangling Wire at (178.930, 39.440) (178.930, 39.440) on layer: Metal1
Net VDD: dangling Wire at (8.120, 34.220) (8.120, 34.220) on layer: Metal1
Net VDD: dangling Wire at (178.930, 34.220) (178.930, 34.220) on layer: Metal1
Net VDD: dangling Wire at (8.120, 29.000) (8.120, 29.000) on layer: Metal1
Net VDD: dangling Wire at (178.930, 29.000) (178.930, 29.000) on layer: Metal1
Net VDD: dangling Wire at (8.120, 23.780) (8.120, 23.780) on layer: Metal1
Net VDD: dangling Wire at (178.930, 23.780) (178.930, 23.780) on layer: Metal1
Net VDD: dangling Wire at (8.120, 18.560) (8.120, 18.560) on layer: Metal1
Net VDD: dangling Wire at (178.930, 18.560) (178.930, 18.560) on layer: Metal1
Net VDD: dangling Wire at (8.120, 13.340) (8.120, 13.340) on layer: Metal1
Net VDD: dangling Wire at (178.930, 13.340) (178.930, 13.340) on layer: Metal1
Net VDD: dangling Wire at (8.120, 8.120) (8.120, 8.120) on layer: Metal1
Net VDD: dangling Wire at (178.930, 8.120) (178.930, 8.120) on layer: Metal1
Net VSS: has special routes with opens at (8.120, 156.070) (178.930, 157.710)
Net VSS: has special routes with opens at (8.120, 150.750) (178.930, 152.590)
Net VSS: has special routes with opens at (8.120, 145.530) (178.930, 147.270)
Net VSS: has special routes with opens at (8.120, 140.310) (178.930, 142.150)
Net VSS: has special routes with opens at (8.120, 135.190) (178.930, 136.930)
Net VSS: has special routes with opens at (8.120, 129.870) (178.930, 131.710)
Net VSS: has special routes with opens at (8.120, 124.650) (178.930, 126.490)
Net VSS: has special routes with opens at (8.120, 119.430) (178.930, 121.270)
Net VSS: has special routes with opens at (8.120, 114.210) (178.930, 116.050)
Net VSS: has special routes with opens at (8.120, 109.015) (178.930, 110.830)
Net VSS: has special routes with opens at (8.120, 103.795) (178.930, 105.610)
Net VSS: has special routes with opens at (8.120, 98.550) (178.930, 100.390)
Net VSS: has special routes with opens at (8.120, 93.330) (178.930, 95.170)
Net VSS: has special routes with opens at (8.120, 88.110) (178.930, 89.850)
Net VSS: has special routes with opens at (8.120, 82.990) (178.930, 84.630)
Net VSS: has special routes with opens at (8.120, 77.770) (178.930, 79.510)
Net VSS: has special routes with opens at (8.120, 72.450) (178.930, 74.290)
Net VSS: has special routes with opens at (8.120, 67.230) (178.930, 69.070)
Net VSS: has special routes with opens at (8.120, 62.010) (178.930, 63.750)
Net VSS: has special routes with opens at (8.120, 56.890) (178.930, 58.530)
Net VSS: has special routes with opens at (8.120, 51.670) (178.930, 53.310)
Net VSS: has special routes with opens at (8.120, 46.450) (178.930, 48.090)
Net VSS: has special routes with opens at (8.120, 41.230) (178.930, 42.910)
Net VSS: has special routes with opens at (8.120, 36.010) (178.930, 37.725)
Net VSS: has special routes with opens at (8.120, 30.790) (178.930, 32.430)
Net VSS: has special routes with opens at (8.120, 25.570) (178.930, 27.210)
Net VSS: has special routes with opens at (8.120, 20.350) (178.930, 21.990)
Net VSS: has special routes with opens at (8.120, 15.130) (178.930, 16.770)
Net VSS: has special routes with opens at (8.120, 9.835) (178.930, 11.550)
Net VSS: has special routes with opens at (4.520, 4.520) (182.530, 163.100)
Net VSS: dangling Wire at (8.120, 156.890) (8.120, 156.890) on layer: Metal1
Net VSS: dangling Wire at (178.930, 156.890) (178.930, 156.890) on layer: Metal1
Net VSS: dangling Wire at (8.120, 151.670) (8.120, 151.670) on layer: Metal1
Net VSS: dangling Wire at (178.930, 151.670) (178.930, 151.670) on layer: Metal1
Net VSS: dangling Wire at (8.120, 146.450) (8.120, 146.450) on layer: Metal1
Net VSS: dangling Wire at (178.930, 146.450) (178.930, 146.450) on layer: Metal1
Net VSS: dangling Wire at (8.120, 141.230) (8.120, 141.230) on layer: Metal1
Net VSS: dangling Wire at (178.930, 141.230) (178.930, 141.230) on layer: Metal1
Net VSS: dangling Wire at (8.120, 136.010) (8.120, 136.010) on layer: Metal1
Net VSS: dangling Wire at (178.930, 136.010) (178.930, 136.010) on layer: Metal1
Net VSS: dangling Wire at (8.120, 130.790) (8.120, 130.790) on layer: Metal1
Net VSS: dangling Wire at (178.930, 130.790) (178.930, 130.790) on layer: Metal1
Net VSS: dangling Wire at (8.120, 125.570) (8.120, 125.570) on layer: Metal1
Net VSS: dangling Wire at (178.930, 125.570) (178.930, 125.570) on layer: Metal1
Net VSS: dangling Wire at (8.120, 120.350) (8.120, 120.350) on layer: Metal1
Net VSS: dangling Wire at (178.930, 120.350) (178.930, 120.350) on layer: Metal1
Net VSS: dangling Wire at (8.120, 115.130) (8.120, 115.130) on layer: Metal1
Net VSS: dangling Wire at (178.930, 115.130) (178.930, 115.130) on layer: Metal1
Net VSS: dangling Wire at (8.120, 109.910) (8.120, 109.910) on layer: Metal1
Net VSS: dangling Wire at (178.930, 109.910) (178.930, 109.910) on layer: Metal1
Net VSS: dangling Wire at (8.120, 104.690) (8.120, 104.690) on layer: Metal1
Net VSS: dangling Wire at (178.930, 104.690) (178.930, 104.690) on layer: Metal1
Net VSS: dangling Wire at (8.120, 99.470) (8.120, 99.470) on layer: Metal1
Net VSS: dangling Wire at (178.930, 99.470) (178.930, 99.470) on layer: Metal1
Net VSS: dangling Wire at (8.120, 94.250) (8.120, 94.250) on layer: Metal1
Net VSS: dangling Wire at (178.930, 94.250) (178.930, 94.250) on layer: Metal1
Net VSS: dangling Wire at (8.120, 89.030) (8.120, 89.030) on layer: Metal1
Net VSS: dangling Wire at (178.930, 89.030) (178.930, 89.030) on layer: Metal1
Net VSS: dangling Wire at (8.120, 83.810) (8.120, 83.810) on layer: Metal1
Net VSS: dangling Wire at (178.930, 83.810) (178.930, 83.810) on layer: Metal1
Net VSS: dangling Wire at (8.120, 78.590) (8.120, 78.590) on layer: Metal1
Net VSS: dangling Wire at (178.930, 78.590) (178.930, 78.590) on layer: Metal1
Net VSS: dangling Wire at (8.120, 73.370) (8.120, 73.370) on layer: Metal1
Net VSS: dangling Wire at (178.930, 73.370) (178.930, 73.370) on layer: Metal1
Net VSS: dangling Wire at (8.120, 68.150) (8.120, 68.150) on layer: Metal1
Net VSS: dangling Wire at (178.930, 68.150) (178.930, 68.150) on layer: Metal1
Net VSS: dangling Wire at (8.120, 62.930) (8.120, 62.930) on layer: Metal1
Net VSS: dangling Wire at (178.930, 62.930) (178.930, 62.930) on layer: Metal1
Net VSS: dangling Wire at (8.120, 57.710) (8.120, 57.710) on layer: Metal1
Net VSS: dangling Wire at (178.930, 57.710) (178.930, 57.710) on layer: Metal1
Net VSS: dangling Wire at (8.120, 52.490) (8.120, 52.490) on layer: Metal1
Net VSS: dangling Wire at (178.930, 52.490) (178.930, 52.490) on layer: Metal1
Net VSS: dangling Wire at (8.120, 47.270) (8.120, 47.270) on layer: Metal1
Net VSS: dangling Wire at (178.930, 47.270) (178.930, 47.270) on layer: Metal1
Net VSS: dangling Wire at (8.120, 42.050) (8.120, 42.050) on layer: Metal1
Net VSS: dangling Wire at (178.930, 42.050) (178.930, 42.050) on layer: Metal1
Net VSS: dangling Wire at (8.120, 36.830) (8.120, 36.830) on layer: Metal1
Net VSS: dangling Wire at (178.930, 36.830) (178.930, 36.830) on layer: Metal1
Net VSS: dangling Wire at (8.120, 31.610) (8.120, 31.610) on layer: Metal1
Net VSS: dangling Wire at (178.930, 31.610) (178.930, 31.610) on layer: Metal1
Net VSS: dangling Wire at (8.120, 26.390) (8.120, 26.390) on layer: Metal1
Net VSS: dangling Wire at (178.930, 26.390) (178.930, 26.390) on layer: Metal1
Net VSS: dangling Wire at (8.120, 21.170) (8.120, 21.170) on layer: Metal1
Net VSS: dangling Wire at (178.930, 21.170) (178.930, 21.170) on layer: Metal1
Net VSS: dangling Wire at (8.120, 15.950) (8.120, 15.950) on layer: Metal1
Net VSS: dangling Wire at (178.930, 15.950) (178.930, 15.950) on layer: Metal1
Net VSS: dangling Wire at (8.120, 10.730) (8.120, 10.730) on layer: Metal1
Net VSS: dangling Wire at (178.930, 10.730) (178.930, 10.730) on layer: Metal1

Begin Summary
    61 Problem(s) (IMPVFC-200): Special Wires: Pieces of the net are not connected together.
    118 Problem(s) (IMPVFC-94): The net has dangling wire(s).
    179 total info(s) created.
End Summary
