============================================================
  Generated by:           Genus(TM) Synthesis Solution 20.11-s111_1
  Generated on:           Mar 18 2026  10:25:19 am
  Module:                 asynchronous_fifo
  Technology library:     typical 
  Operating conditions:   typical (balanced_tree)
  Wireload mode:          enclosed
  Area mode:              timing library
============================================================


 Clock Description
 ----------------- 

 Clock                             Clock    Source     No of   
 Name    Period   Rise    Fall     Domain  Pin/Port  Registers 
---------------------------------------------------------------
 wclk    10000.0   0.0   5000.0   domain_1   wclk          534 
 rclk    10000.0   0.0   5000.0   domain_1   rclk           30 

 Clock Network Latency / Setup Uncertainty
 ----------------------------------------- 

        Network   Network   Source   Source     Setup        Setup    
Clock   Latency   Latency  Latency  Latency  Uncertainty  Uncertainty 
 Name    Rise      Fall      Rise     Fall       Rise         Fall    
----------------------------------------------------------------------
wclk      500.0     500.0      0.0      0.0        200.0        200.0 
rclk      500.0     500.0      0.0      0.0        200.0        200.0 

 Clock Relationship (with uncertainty & latency)
 ----------------------------------------------- 

  From    To     R->R     R->F     F->R     F->F  
--------------------------------------------------
  wclk   wclk   9800.0   4800.0   4800.0   9800.0 
  wclk   rclk   9800.0   4800.0   4800.0   9800.0 
  rclk   wclk   9800.0   4800.0   4800.0   9800.0 
  rclk   rclk   9800.0   4800.0   4800.0   9800.0 
