============================================================
  Generated by:           Genus(TM) Synthesis Solution 20.11-s111_1
  Generated on:           Mar 18 2026  10:25:31 am
  Module:                 asynchronous_fifo
  Operating conditions:   typical (balanced_tree)
  Wireload mode:          enclosed
  Area mode:              timing library
============================================================

                                
   Gate    Instances    Area      Library  
-------------------------------------------
AND2X1             3     13.624    typical 
AND2XL             8     36.331    typical 
AOI211X1           2     10.597    typical 
AOI21X1            6     27.248    typical 
AOI21XL            4     18.166    typical 
AOI22X1            8     48.442    typical 
AOI22XL          248   1501.690    typical 
BUFX2             65    295.191    typical 
CLKINVX1          24     54.497    typical 
INVXL              4      9.083    typical 
MXI2XL             9     54.497    typical 
NAND2BX1          18     81.745    typical 
NAND2XL           90    272.484    typical 
NAND4XL           66    349.688    typical 
NOR2BX1            7     31.790    typical 
NOR2BXL            6     27.248    typical 
NOR2X1            20     75.690    typical 
NOR2XL           108    326.981    typical 
NOR4XL            16     96.883    typical 
OAI211X1           2     10.597    typical 
OAI21X1           10     45.414    typical 
OAI21XL            4     18.166    typical 
SDFFQX1           25    510.907    typical 
SDFFQXL           11    224.799    typical 
SDFFRHQX1         14    349.688    typical 
SMDFFHQX1        512  13563.649    typical 
XNOR2X1            1      8.326    typical 
XOR2XL             2     16.652    typical 
-------------------------------------------
total           1293  18080.071            


                                          
     Type      Instances    Area   Area % 
------------------------------------------
sequential           562 14649.043   81.0 
inverter              28    63.580    0.4 
buffer                65   295.191    1.6 
logic                638  3072.257   17.0 
physical_cells         0     0.000    0.0 
------------------------------------------
total               1293 18080.071  100.0 

