============================================================
  Generated by:           Genus(TM) Synthesis Solution 20.11-s111_1
  Generated on:           Mar 18 2026  10:25:31 am
  Module:                 asynchronous_fifo
  Operating conditions:   typical (balanced_tree)
  Wireload mode:          enclosed
  Area mode:              timing library
============================================================


Path 1: MET (6656 ps) Setup Check with Pin wptr_h_full_reg/CK->D
          Group: wclk
     Startpoint: (R) w_en
          Clock: (R) rclk
       Endpoint: (R) wptr_h_full_reg/D
          Clock: (R) wclk

                     Capture       Launch     
        Clock Edge:+   10000            0     
        Drv Adjust:+       0            0     
       Src Latency:+       0            0     
       Net Latency:+     500 (I)      500 (I) 
           Arrival:=   10500          500     
                                              
             Setup:-     150                  
       Uncertainty:-     200                  
     Required Time:=   10150                  
      Launch Clock:-     500                  
       Input Delay:-    2000                  
         Data Path:-     994                  
             Slack:=    6656                  

Exceptions/Constraints:
  input_delay             2000            input_constraints.sd_line_10_10_1 

#------------------------------------------------------------------------------------------
#   Timing Point    Flags   Arc   Edge   Cell     Fanout Load Trans Delay Arrival Instance 
#                                                        (fF)  (ps)  (ps)   (ps)  Location 
#------------------------------------------------------------------------------------------
  w_en              -       -     R     (arrival)      1  2.9     0     0    2500    (-,-) 
  g22408__4733/Y    -       B->Y  F     NAND2BX1       4  8.1    48    36    2536    (-,-) 
  g22375__2398/Y    -       AN->Y F     NAND2BX1       3  8.4    53    79    2615    (-,-) 
  g22311/Y          -       A->Y  R     CLKINVX1       2  3.4    27    30    2646    (-,-) 
  g22272__1666/Y    -       B->Y  F     NAND2XL        2  3.6    43    36    2682    (-,-) 
  g22198__5526/Y    -       B->Y  R     NOR2XL         5  9.6   141   114    2797    (-,-) 
  g22025__2346/Y    -       B->Y  F     NAND2XL        9 41.8   365   281    3078    (-,-) 
  g2/Y              -       A->Y  R     XNOR2X1        4  9.9    60   177    3255    (-,-) 
  g21235__4319/Y    -       A->Y  F     NOR2XL         1  2.8    43    28    3282    (-,-) 
  g21228__2883/Y    -       B0->Y R     AOI21X1        3  5.1    61    54    3337    (-,-) 
  g21199__4733/Y    -       B->Y  F     NAND2XL        1  1.7    34    29    3366    (-,-) 
  g21193__7098/Y    -       B0->Y R     OAI21XL        1  1.6    50    28    3394    (-,-) 
  g21186__4319/Y    -       B->Y  F     NAND4XL        1  1.7    57    53    3446    (-,-) 
  g21185__5107/Y    -       A->Y  R     NOR2XL         1  1.9    42    47    3494    (-,-) 
  wptr_h_full_reg/D <<<     -     R     SDFFQX1        1    -     -     0    3494    (-,-) 
#------------------------------------------------------------------------------------------

